==============================================================================

                  ------ MOMENTUM STATISTICS (MW mode) ------

              Momentum MomEngine_64 2024.20.133 (*) built: Mar 27 2024
                           Fri May 17 23:36:49 2024

==============================================================================


------------------------------------------------------------------------------
MESH
------------------------------------------------------------------------------
 Frequency          : 3 GHz

 Rectangular cells  : 3220
 Quadrangular cells : 114
 Triangular cells   : 70
 Via cells          : 0

 Edge currents      : 6487

------------------------------------------------------------------------------
SOLVER                        USER TIME      ELAPSED TIME      MEMORY         
PROCESSES                      (h:m:s)          (h:m:s)         (MB)          
------------------------------------------------------------------------------

SIMULATION SET-UP
-----------------
 Initialization           |     0: 0: 0   |     0: 0: 0   |     52.79   
 Ports analysis           |     0: 0: 0   |     0: 0: 0   |      0.22   
 Mesh processing          |     0: 0: 1   |     0: 0: 1   |     96.77   

 Matrix size : 14734
 Reduced matrix size : 14447
 Estimated process size : 3038.70 MB

 Simulation temperature : 298.15 K

1. SIMULATION FREQUENCY = 100 MHz 
-------------------------
 Green functions          |     0: 0: 0   |     0: 0: 0   |      2.11   
 Basis creation           |     0: 0: 2   |     0: 0: 1   |    287.34   
 Matrix load              |     0: 4:36   |     0: 0:27   |    553.66   
 Matrix solve             |     0: 1:30   |     0: 0:19   |    247.51   
 S parameters             |     0: 0: 0   |     0: 0: 0   |      0.00   
 Data storage             |     0: 0: 0   |     0: 0: 0   |      0.00   

2. SIMULATION FREQUENCY = 3 GHz 
-------------------------
 Green functions          |     0: 0: 0   |     0: 0: 0   |      0.00   
 Matrix load              |     0: 5: 3   |     0: 0:29   |     74.34   
 Matrix solve             |     0: 1:34   |     0: 0:19   |     41.45   
 S parameters             |     0: 0: 1   |     0: 0: 0   |      0.21   
 Data storage             |     0: 0: 0   |     0: 0: 0   |      0.12   
 Adaptive sampling        |     0: 0: 0   |     0: 0: 0   |      0.03   

3. SIMULATION FREQUENCY = 2.03333 GHz 
-------------------------
 Green functions          |     0: 0: 0   |     0: 0: 0   |      0.17   
 Matrix load              |     0: 4:59   |     0: 0:28   |      0.79   
 Matrix solve             |     0: 2:26   |     0: 0:32   |      0.00   
 S parameters             |     0: 0: 0   |     0: 0: 1   |      0.00   
 Data storage             |     0: 0: 0   |     0: 0: 0   |      0.00   
 Adaptive sampling        |     0: 0: 0   |     0: 0: 0   |      0.00   

4. SIMULATION FREQUENCY = 1.06667 GHz 
-------------------------
 Green functions          |     0: 0: 0   |     0: 0: 0   |      0.00   
 Matrix load              |     0: 5: 2   |     0: 0:27   |      0.00   
 Matrix solve             |     0: 2:41   |     0: 0:35   |      0.00   
 S parameters             |     0: 0: 0   |     0: 0: 0   |      0.00   
 Data storage             |     0: 0: 0   |     0: 0: 0   |      0.00   
 Adaptive sampling        |     0: 0: 0   |     0: 0: 0   |      0.00   

5. SIMULATION FREQUENCY = 1.55 GHz 
-------------------------
 Green functions          |     0: 0: 0   |     0: 0: 0   |      0.00   
 Matrix load              |     0: 4:59   |     0: 0:27   |      0.00   
 Matrix solve             |     0: 1:34   |     0: 0:18   |      0.00   
 S parameters             |     0: 0: 0   |     0: 0: 0   |      0.00   
 Data storage             |     0: 0: 0   |     0: 0: 0   |      0.00   
 Adaptive sampling        |     0: 0: 0   |     0: 0: 1   |      0.00   

6. SIMULATION FREQUENCY = 1.71111 GHz 
-------------------------
 Green functions          |     0: 0: 0   |     0: 0: 0   |      0.00   
 Matrix load              |     0: 5: 1   |     0: 0:27   |      0.00   
 Matrix solve             |     0: 1:32   |     0: 0:18   |      0.00   
 S parameters             |     0: 0: 1   |     0: 0: 0   |      0.00   
 Data storage             |     0: 0: 0   |     0: 0: 0   |      0.00   
 Adaptive sampling        |     0: 0: 0   |     0: 0: 1   |      0.00   

7. SIMULATION FREQUENCY = 2.19444 GHz 
-------------------------
 Green functions          |     0: 0: 0   |     0: 0: 0   |      0.00   
 Matrix load              |     0: 4:59   |     0: 0:27   |      0.00   
 Matrix solve             |     0: 1:35   |     0: 0:18   |      0.00   
 S parameters             |     0: 0: 0   |     0: 0: 0   |      0.00   
 Data storage             |     0: 0: 0   |     0: 0: 0   |      0.00   
 Adaptive sampling        |     0: 0: 0   |     0: 0: 0   |      0.00   

8. SIMULATION FREQUENCY = 905.556 MHz 
-------------------------
 Green functions          |     0: 0: 0   |     0: 0: 0   |      0.00   
 Matrix load              |     0: 5: 2   |     0: 0:28   |      0.00   
 Matrix solve             |     0: 1:28   |     0: 0:18   |      0.00   
 S parameters             |     0: 0: 1   |     0: 0: 0   |      0.00   
 Data storage             |     0: 0: 0   |     0: 0: 0   |      0.00   
 Adaptive sampling        |     0: 0: 0   |     0: 0: 0   |      0.00   

9. SIMULATION FREQUENCY = 2.86574 GHz 
-------------------------
 Green functions          |     0: 0: 0   |     0: 0: 0   |      0.00   
 Matrix load              |     0: 5: 0   |     0: 0:28   |      0.00   
 Matrix solve             |     0: 1:31   |     0: 0:18   |      0.00   
 S parameters             |     0: 0: 0   |     0: 0: 0   |      0.00   
 Data storage             |     0: 0: 0   |     0: 0: 0   |      0.00   
 Adaptive sampling        |     0: 0: 0   |     0: 0: 0   |      0.00   

10. SIMULATION FREQUENCY = 234.259 MHz 
-------------------------
 Green functions          |     0: 0: 0   |     0: 0: 0   |      0.00   
 Matrix load              |     0: 5: 2   |     0: 0:28   |      0.00   
 Matrix solve             |     0: 1:21   |     0: 0:16   |      0.00   
 S parameters             |     0: 0: 1   |     0: 0: 0   |      0.00   
 Data storage             |     0: 0: 0   |     0: 0: 0   |      0.00   
 Adaptive sampling        |     0: 0: 0   |     0: 0: 0   |      0.00   

11. SIMULATION FREQUENCY = 1.01296 GHz 
-------------------------
 Green functions          |     0: 0: 0   |     0: 0: 0   |      0.00   
 Matrix load              |     0: 5: 1   |     0: 0:27   |      0.00   
 Matrix solve             |     0: 2:15   |     0: 0:30   |      0.00   
 S parameters             |     0: 0: 0   |     0: 0: 0   |      0.00   
 Data storage             |     0: 0: 0   |     0: 0: 0   |      0.00   
 Adaptive sampling        |     0: 0: 0   |     0: 0: 0   |      0.00   

12. SIMULATION FREQUENCY = 1.92593 GHz 
-------------------------
 Green functions          |     0: 0: 0   |     0: 0: 0   |      0.00   
 Matrix load              |     0: 5: 1   |     0: 0:28   |      0.00   
 Matrix solve             |     0: 2:40   |     0: 0:34   |      0.00   
 S parameters             |     0: 0: 0   |     0: 0: 0   |      0.00   
 Data storage             |     0: 0: 0   |     0: 0: 0   |      0.00   
 Adaptive sampling        |     0: 0: 1   |     0: 0: 0   |      0.00   

13. SIMULATION FREQUENCY = 1.94383 GHz 
-------------------------
 Green functions          |     0: 0: 0   |     0: 0: 0   |      0.00   
 Matrix load              |     0: 4:59   |     0: 0:28   |      0.00   
 Matrix solve             |     0: 2:27   |     0: 0:31   |      0.00   
 S parameters             |     0: 0: 0   |     0: 0: 0   |      0.00   
 Data storage             |     0: 0: 0   |     0: 0: 0   |      0.00   
 Adaptive sampling        |     0: 0: 0   |     0: 0: 0   |      0.00   

14. SIMULATION FREQUENCY = 569.907 MHz 
-------------------------
 Green functions          |     0: 0: 0   |     0: 0: 0   |      0.00   
 Matrix load              |     0: 5: 3   |     0: 0:28   |      0.00   
 Matrix solve             |     0: 1:26   |     0: 0:17   |      0.00   
 S parameters             |     0: 0: 0   |     0: 0: 0   |      0.00   
 Data storage             |     0: 0: 0   |     0: 0: 0   |      0.00   
 Adaptive sampling        |     0: 0: 0   |     0: 0: 1   |      0.00   

15. SIMULATION FREQUENCY = 1.89012 GHz 
-------------------------
 Green functions          |     0: 0: 0   |     0: 0: 0   |      0.00   
 Matrix load              |     0: 5: 4   |     0: 0:28   |      0.00   
 Matrix solve             |     0: 1:22   |     0: 0:26   |      0.00   
 S parameters             |     0: 0: 1   |     0: 0: 0   |      0.00   
 Data storage             |     0: 0: 0   |     0: 0: 0   |      0.00   
 Adaptive sampling        |     0: 0: 0   |     0: 0: 0   |      0.00   

------------------------------------------------------------------------------
TOTALS
------------------------------------------------------------------------------
 Nr of Frequencies   : 15 

 Physical memory :  1357.50 MB
 Virtual memory  :  1864.98 MB
 Page faults     :      866521
 User Time       :    1h42m22s
 Elapsed Time    :    0h12m50s

==============================================================================

