License checkout took 0.063 sec
License checkout took 0.019 sec
Momentum MomEngine_64 2024.20.133 (*) built: Mar 27 2024
Copyright  1992 - 2024 Keysight Technologies
Simulation started on: Fri May 17 18:51:35 2024
Simulation Mode: uW
Substrate valid
Using the minimal snap distance of 0.0004 mm
(4 layout resolution points) for layout healing.
Layout simplification started
.........|.........|.........|.........| 
Layout simplification finished
Generating mesh at 3 GHz...
S-parameter simulation
S-parameter simulation started
...initializing
...expanding thick conductors
...extracting layout
...analyzing ports
...reducing mesh
Automatic selection: direct dense matrix solver
Using multi-threading (12 threads)
Matrix size: 1216 (reduced: 1073)
Simulation temperature: 298.15 K
Adaptive frequency sweep started
Simulation frequency [1] = 100 MHz
...loading Green functions
...creating Basis sections
...allocating interaction matrix
...loading interaction matrix
.........|.........|.........|.........| 
...solving interaction matrix
.........|.........|.........|.........| 
...calculating S-parameters
Simulation frequency [2] = 3 GHz
...loading Green functions
...loading interaction matrix
.........|.........|.........|.........| 
...solving interaction matrix
.........|.........|.........|.........| 
...calculating S-parameters
Adaptive:   0.0 % of frequency range covered
Simulation frequency [3] = 2.03333 GHz
...loading Green functions
...loading interaction matrix
.........|.........|.........|.........| 
...solving interaction matrix
.........|.........|.........|.........| 
...calculating S-parameters
Simulation frequency [4] = 1.06667 GHz
...loading Green functions
...loading interaction matrix
.........|.........|.........|.........| 
...solving interaction matrix
.........|.........|.........|.........| 
...calculating S-parameters
Simulation frequency [5] = 2.35556 GHz
...loading Green functions
...loading interaction matrix
.........|.........|.........|.........| 
...solving interaction matrix
.........|.........|.........|.........| 
...calculating S-parameters
Adaptive: 100.0 % of frequency range covered
S-parameter simulation finished
Simulation finished on: Fri May 17 18:51:39 2024
The simulation results have been saved in dataset "Step5_EM_Model_of_complete_Matching_Circuit_MomUW".
